----------------------------------------------------------------
Tue Apr 26 15:30:15 IST 2022:
Booting Derby version The Apache Software Foundation - Apache Derby - 10.14.2.0 - (1828579): instance a816c00e-0180-6550-78c0-0000013c85b8 
on database directory memory:C:\Users\DELL\Downloads\demo1\b4b553a0-0211-4d45-8d59-30553c0ad01e with class loader jdk.internal.loader.ClassLoaders$AppClassLoader@22d8cfe0 
Loaded from file:/C:/Users/DELL/.m2/repository/org/apache/derby/derby/10.14.2.0/derby-10.14.2.0.jar
java.vendor=Eclipse Adoptium
java.runtime.version=17.0.2+8
user.dir=C:\Users\DELL\Downloads\demo1
os.name=Windows 10
os.arch=amd64
os.version=10.0
derby.system.home=null
Database Class Loader started - derby.database.classpath=''
----------------------------------------------------------------
Tue Apr 26 15:36:58 IST 2022:
Shutting down instance a816c00e-0180-6550-78c0-0000013c85b8 on database directory memory:C:\Users\DELL\Downloads\demo1\b4b553a0-0211-4d45-8d59-30553c0ad01e with class loader jdk.internal.loader.ClassLoaders$AppClassLoader@22d8cfe0 
----------------------------------------------------------------
Tue Apr 26 15:37:00 IST 2022:
Booting Derby version The Apache Software Foundation - Apache Derby - 10.14.2.0 - (1828579): instance 89e800c0-0180-6550-78c0-0000013c85b8 
on database directory memory:C:\Users\DELL\Downloads\demo1\50b41c27-395e-43aa-9845-bbf78c18ccc6 with class loader jdk.internal.loader.ClassLoaders$AppClassLoader@22d8cfe0 
Loaded from file:/C:/Users/DELL/.m2/repository/org/apache/derby/derby/10.14.2.0/derby-10.14.2.0.jar
java.vendor=Eclipse Adoptium
java.runtime.version=17.0.2+8
user.dir=C:\Users\DELL\Downloads\demo1
os.name=Windows 10
os.arch=amd64
os.version=10.0
derby.system.home=null
Database Class Loader started - derby.database.classpath=''
----------------------------------------------------------------
Tue Apr 26 19:23:58 IST 2022:
Shutting down instance 89e800c0-0180-6550-78c0-0000013c85b8 on database directory memory:C:\Users\DELL\Downloads\demo1\50b41c27-395e-43aa-9845-bbf78c18ccc6 with class loader jdk.internal.loader.ClassLoaders$AppClassLoader@22d8cfe0 
----------------------------------------------------------------
Tue Apr 26 19:24:04 IST 2022:
Booting Derby version The Apache Software Foundation - Apache Derby - 10.14.2.0 - (1828579): instance 82d70188-0180-6550-78c0-0000013c85b8 
on database directory memory:C:\Users\DELL\Downloads\demo1\6478eeec-e13e-4306-af02-4e95b4748888 with class loader jdk.internal.loader.ClassLoaders$AppClassLoader@22d8cfe0 
Loaded from file:/C:/Users/DELL/.m2/repository/org/apache/derby/derby/10.14.2.0/derby-10.14.2.0.jar
java.vendor=Eclipse Adoptium
java.runtime.version=17.0.2+8
user.dir=C:\Users\DELL\Downloads\demo1
os.name=Windows 10
os.arch=amd64
os.version=10.0
derby.system.home=null
Database Class Loader started - derby.database.classpath=''
----------------------------------------------------------------
Tue Apr 26 19:24:06 IST 2022:
Shutting down instance 82d70188-0180-6550-78c0-0000013c85b8 on database directory memory:C:\Users\DELL\Downloads\demo1\6478eeec-e13e-4306-af02-4e95b4748888 with class loader jdk.internal.loader.ClassLoaders$AppClassLoader@22d8cfe0 
----------------------------------------------------------------
Tue Apr 26 19:24:07 IST 2022:
Booting Derby version The Apache Software Foundation - Apache Derby - 10.14.2.0 - (1828579): instance db988235-0180-6550-78c0-0000013c85b8 
on database directory memory:C:\Users\DELL\Downloads\demo1\869ed646-4898-4429-9256-054fe3cca892 with class loader jdk.internal.loader.ClassLoaders$AppClassLoader@22d8cfe0 
Loaded from file:/C:/Users/DELL/.m2/repository/org/apache/derby/derby/10.14.2.0/derby-10.14.2.0.jar
java.vendor=Eclipse Adoptium
java.runtime.version=17.0.2+8
user.dir=C:\Users\DELL\Downloads\demo1
os.name=Windows 10
os.arch=amd64
os.version=10.0
derby.system.home=null
Database Class Loader started - derby.database.classpath=''
----------------------------------------------------------------
Tue Apr 26 19:30:14 IST 2022:
Shutting down instance db988235-0180-6550-78c0-0000013c85b8 on database directory memory:C:\Users\DELL\Downloads\demo1\869ed646-4898-4429-9256-054fe3cca892 with class loader jdk.internal.loader.ClassLoaders$AppClassLoader@22d8cfe0 
----------------------------------------------------------------
Tue Apr 26 19:30:15 IST 2022:
Booting Derby version The Apache Software Foundation - Apache Derby - 10.14.2.0 - (1828579): instance 919442e2-0180-6550-78c0-0000013c85b8 
on database directory memory:C:\Users\DELL\Downloads\demo1\4c29471b-ec95-4d1a-a3c8-504d0c28aced with class loader jdk.internal.loader.ClassLoaders$AppClassLoader@22d8cfe0 
Loaded from file:/C:/Users/DELL/.m2/repository/org/apache/derby/derby/10.14.2.0/derby-10.14.2.0.jar
java.vendor=Eclipse Adoptium
java.runtime.version=17.0.2+8
user.dir=C:\Users\DELL\Downloads\demo1
os.name=Windows 10
os.arch=amd64
os.version=10.0
derby.system.home=null
Database Class Loader started - derby.database.classpath=''
----------------------------------------------------------------
Tue Apr 26 19:31:29 IST 2022:
Shutting down instance 919442e2-0180-6550-78c0-0000013c85b8 on database directory memory:C:\Users\DELL\Downloads\demo1\4c29471b-ec95-4d1a-a3c8-504d0c28aced with class loader jdk.internal.loader.ClassLoaders$AppClassLoader@22d8cfe0 
----------------------------------------------------------------
Tue Apr 26 19:31:30 IST 2022:
Booting Derby version The Apache Software Foundation - Apache Derby - 10.14.2.0 - (1828579): instance f4ca438f-0180-6550-78c0-0000013c85b8 
on database directory memory:C:\Users\DELL\Downloads\demo1\7079a9d8-f97a-48e7-aef0-88985fb68076 with class loader jdk.internal.loader.ClassLoaders$AppClassLoader@22d8cfe0 
Loaded from file:/C:/Users/DELL/.m2/repository/org/apache/derby/derby/10.14.2.0/derby-10.14.2.0.jar
java.vendor=Eclipse Adoptium
java.runtime.version=17.0.2+8
user.dir=C:\Users\DELL\Downloads\demo1
os.name=Windows 10
os.arch=amd64
os.version=10.0
derby.system.home=null
Database Class Loader started - derby.database.classpath=''
----------------------------------------------------------------
Tue Apr 26 19:39:42 IST 2022:
Shutting down instance f4ca438f-0180-6550-78c0-0000013c85b8 on database directory memory:C:\Users\DELL\Downloads\demo1\7079a9d8-f97a-48e7-aef0-88985fb68076 with class loader jdk.internal.loader.ClassLoaders$AppClassLoader@22d8cfe0 
